<?xml version="1.0" encoding="UTF-8"?>
<!-- Generated by org.testng.reporters.JUnitReportReporter -->
<testsuite hostname="LAPTOP-6MELK31E" failures="0" tests="1" name="practice.basics.SampleUnitTestTocheckProjectInBackend" time="0.590" errors="0" timestamp="2025-02-10T17:15:33 IST" skipped="0">
  <testcase classname="practice.basics.SampleUnitTestTocheckProjectInBackend" name="projectCheckTest" time="0.590"/>
  <system-out/>
</testsuite> <!-- practice.basics.SampleUnitTestTocheckProjectInBackend -->
