<?xml version="1.0" encoding="UTF-8"?>
<!-- Generated by org.testng.reporters.JUnitReportReporter -->
<testsuite hostname="LAPTOP-6MELK31E" failures="0" tests="1" name="Practice1.ReadDtatFromTestngXml" time="0.017" errors="0" timestamp="2025-02-07T12:55:55 IST" skipped="0">
  <testcase classname="Practice1.ReadDtatFromTestngXml" name="sampleTest" time="0.017"/>
  <system-out/>
</testsuite> <!-- Practice1.ReadDtatFromTestngXml -->
