<?xml version="1.0" encoding="UTF-8"?>
<!-- Generated by org.testng.reporters.JUnitReportReporter -->
<testsuite hostname="LAPTOP-6MELK31E" failures="0" tests="1" name="PracticeTest" time="17.689" errors="0" timestamp="2025-02-07T13:07:56 IST" skipped="0">
  <testcase classname="PracticeTest" name="createOrgTest" time="17.689"/>
  <system-out/>
</testsuite> <!-- PracticeTest -->
